{"/media/javed/FE2A0C662A0C1E71/PROJECTS/NodeJs_Type_Script/src/config.ts": {"path":"/media/javed/FE2A0C662A0C1E71/PROJECTS/NodeJs_Type_Script/src/config.ts","statementMap":{"0":{"start":{"line":4,"column":13},"end":{"line":6,"column":null}}},"fnMap":{},"branchMap":{"0":{"loc":{"start":{"line":5,"column":10},"end":{"line":5,"column":26}},"type":"binary-expr","locations":[{"start":{"line":5,"column":10},"end":{"line":5,"column":26}},{"start":{"line":5,"column":30},"end":{"line":5,"column":36}}]}},"s":{"0":1},"f":{},"b":{"0":[1,1]}}
,"/media/javed/FE2A0C662A0C1E71/PROJECTS/NodeJs_Type_Script/src/server.ts": {"path":"/media/javed/FE2A0C662A0C1E71/PROJECTS/NodeJs_Type_Script/src/server.ts","statementMap":{"0":{"start":{"line":1,"column":0},"end":{"line":1,"column":22}},"1":{"start":{"line":2,"column":0},"end":{"line":2,"column":40}},"2":{"start":{"line":3,"column":0},"end":{"line":3,"column":29}},"3":{"start":{"line":4,"column":0},"end":{"line":4,"column":32}},"4":{"start":{"line":5,"column":0},"end":{"line":5,"column":32}},"5":{"start":{"line":6,"column":0},"end":{"line":6,"column":48}},"6":{"start":{"line":7,"column":0},"end":{"line":7,"column":38}},"7":{"start":{"line":8,"column":12},"end":{"line":8,"column":21}},"8":{"start":{"line":10,"column":15},"end":{"line":10,"column":27}},"9":{"start":{"line":12,"column":0},"end":{"line":12,"column":22}},"10":{"start":{"line":13,"column":0},"end":{"line":15,"column":null}},"11":{"start":{"line":17,"column":0},"end":{"line":17,"column":18}},"12":{"start":{"line":19,"column":0},"end":{"line":29,"column":null}},"13":{"start":{"line":19,"column":31},"end":{"line":29,"column":2}},"14":{"start":{"line":20,"column":4},"end":{"line":28,"column":null}},"15":{"start":{"line":21,"column":3},"end":{"line":23,"column":null}},"16":{"start":{"line":26,"column":4},"end":{"line":26,"column":null}},"17":{"start":{"line":31,"column":0},"end":{"line":31,"column":null}},"18":{"start":{"line":37,"column":15},"end":{"line":43,"column":2}},"19":{"start":{"line":37,"column":39},"end":{"line":40,"column":2}},"20":{"start":{"line":38,"column":4},"end":{"line":38,"column":58}},"21":{"start":{"line":41,"column":4},"end":{"line":41,"column":28}},"22":{"start":{"line":45,"column":0},"end":{"line":45,"column":22}}},"fnMap":{"0":{"name":"(anonymous_14)","decl":{"start":{"line":19,"column":21},"end":{"line":19,"column":28}},"loc":{"start":{"line":19,"column":31},"end":{"line":29,"column":2}}},"1":{"name":"(anonymous_15)","decl":{"start":{"line":19,"column":31},"end":{"line":19,"column":null}},"loc":{"start":{"line":19,"column":31},"end":{"line":29,"column":2}}},"2":{"name":"(anonymous_17)","decl":{"start":{"line":37,"column":39},"end":{"line":37,"column":null}},"loc":{"start":{"line":37,"column":39},"end":{"line":40,"column":2}}},"3":{"name":"(anonymous_20)","decl":{"start":{"line":40,"column":14},"end":{"line":40,"column":15}},"loc":{"start":{"line":40,"column":18},"end":{"line":43,"column":1}}}},"branchMap":{},"s":{"0":1,"1":1,"2":1,"3":1,"4":1,"5":1,"6":1,"7":1,"8":1,"9":1,"10":1,"11":1,"12":1,"13":0,"14":0,"15":0,"16":0,"17":1,"18":1,"19":1,"20":1,"21":0,"22":1},"f":{"0":0,"1":0,"2":2,"3":0},"b":{}}
,"/media/javed/FE2A0C662A0C1E71/PROJECTS/NodeJs_Type_Script/src/routes/userRoutes.ts": {"path":"/media/javed/FE2A0C662A0C1E71/PROJECTS/NodeJs_Type_Script/src/routes/userRoutes.ts","statementMap":{"0":{"start":{"line":1,"column":0},"end":{"line":1,"column":32}},"1":{"start":{"line":2,"column":15},"end":{"line":2,"column":27}},"2":{"start":{"line":5,"column":0},"end":{"line":11,"column":null}},"3":{"start":{"line":5,"column":31},"end":{"line":11,"column":2}},"4":{"start":{"line":6,"column":4},"end":{"line":10,"column":null}},"5":{"start":{"line":12,"column":0},"end":{"line":12,"column":16}}},"fnMap":{"0":{"name":"(anonymous_14)","decl":{"start":{"line":5,"column":22},"end":{"line":5,"column":28}},"loc":{"start":{"line":5,"column":31},"end":{"line":11,"column":2}}},"1":{"name":"(anonymous_15)","decl":{"start":{"line":5,"column":31},"end":{"line":5,"column":null}},"loc":{"start":{"line":5,"column":31},"end":{"line":11,"column":2}}}},"branchMap":{},"s":{"0":1,"1":1,"2":1,"3":1,"4":1,"5":1},"f":{"0":1,"1":1},"b":{}}
}
