TN:
SF:/media/javed/FE2A0C662A0C1E71/PROJECTS/NodeJs_Type_Script/src/config.ts
FNF:0
FNH:0
DA:4,1
LF:1
LH:1
BRDA:5,0,0,1
BRDA:5,0,1,1
BRF:2
BRH:2
end_of_record
TN:
SF:/media/javed/FE2A0C662A0C1E71/PROJECTS/NodeJs_Type_Script/src/server.ts
FN:19,(anonymous_14)
FN:19,(anonymous_15)
FN:37,(anonymous_17)
FN:40,(anonymous_20)
FNF:4
FNH:1
FNDA:0,(anonymous_14)
FNDA:0,(anonymous_15)
FNDA:2,(anonymous_17)
FNDA:0,(anonymous_20)
DA:1,1
DA:2,1
DA:3,1
DA:4,1
DA:5,1
DA:6,1
DA:7,1
DA:8,1
DA:10,1
DA:12,1
DA:13,1
DA:17,1
DA:19,1
DA:20,0
DA:21,0
DA:26,0
DA:31,1
DA:37,1
DA:38,1
DA:41,0
DA:45,1
LF:21
LH:17
BRF:0
BRH:0
end_of_record
TN:
SF:/media/javed/FE2A0C662A0C1E71/PROJECTS/NodeJs_Type_Script/src/routes/userRoutes.ts
FN:5,(anonymous_14)
FN:5,(anonymous_15)
FNF:2
FNH:2
FNDA:1,(anonymous_14)
FNDA:1,(anonymous_15)
DA:1,1
DA:2,1
DA:5,1
DA:6,1
DA:12,1
LF:5
LH:5
BRF:0
BRH:0
end_of_record
